[debug] [2021-08-09T12:12:45.480Z] ----------------------------------------------------------------------
[debug] [2021-08-09T12:12:45.487Z] Command:       C:\Program Files\nodejs\node.exe C:\Users\alabs\AppData\Roaming\npm\node_modules\firebase-tools\lib\bin\firebase.js deploy --only hosting
[debug] [2021-08-09T12:12:45.492Z] CLI Version:   9.16.0
[debug] [2021-08-09T12:12:45.493Z] Platform:      win32
[debug] [2021-08-09T12:12:45.493Z] Node Version:  v14.5.0
[debug] [2021-08-09T12:12:45.583Z] Time:          Mon Aug 09 2021 13:12:45 GMT+0100 (West Africa Standard Time)
[debug] [2021-08-09T12:12:45.584Z] ----------------------------------------------------------------------
[debug] 
[debug] [2021-08-09T12:12:45.801Z] > command requires scopes: ["email","openid","https://www.googleapis.com/auth/cloudplatformprojects.readonly","https://www.googleapis.com/auth/firebase","https://www.googleapis.com/auth/cloud-platform"]
[debug] [2021-08-09T12:12:45.803Z] > authorizing via signed-in user (alabson.inc@gmail.com)
[debug] [2021-08-09T12:12:45.803Z] [iam] checking project linkedin-clone-c0f10 for permissions ["firebase.projects.get","firebasehosting.sites.update"]
[debug] [2021-08-09T12:12:45.865Z] >>> HTTP REQUEST POST https://cloudresourcemanager.googleapis.com/v1/projects/linkedin-clone-c0f10:testIamPermissions  
 {"permissions":["firebase.projects.get","firebasehosting.sites.update"]}
[debug] [2021-08-09T12:13:20.576Z] ----------------------------------------------------------------------
[debug] [2021-08-09T12:13:20.580Z] Command:       C:\Program Files\nodejs\node.exe C:\Users\alabs\AppData\Roaming\npm\node_modules\firebase-tools\lib\bin\firebase.js deploy --only hosting
[debug] [2021-08-09T12:13:20.581Z] CLI Version:   9.16.0
[debug] [2021-08-09T12:13:20.581Z] Platform:      win32
[debug] [2021-08-09T12:13:20.581Z] Node Version:  v14.5.0
[debug] [2021-08-09T12:13:20.583Z] Time:          Mon Aug 09 2021 13:13:20 GMT+0100 (West Africa Standard Time)
[debug] [2021-08-09T12:13:20.584Z] ----------------------------------------------------------------------
[debug] 
[debug] [2021-08-09T12:13:20.887Z] > command requires scopes: ["email","openid","https://www.googleapis.com/auth/cloudplatformprojects.readonly","https://www.googleapis.com/auth/firebase","https://www.googleapis.com/auth/cloud-platform"]
[debug] [2021-08-09T12:13:20.888Z] > authorizing via signed-in user (alabson.inc@gmail.com)
[debug] [2021-08-09T12:13:20.894Z] [iam] checking project linkedin-clone-c0f10 for permissions ["firebase.projects.get","firebasehosting.sites.update"]
[debug] [2021-08-09T12:13:20.903Z] >>> HTTP REQUEST POST https://cloudresourcemanager.googleapis.com/v1/projects/linkedin-clone-c0f10:testIamPermissions  
 {"permissions":["firebase.projects.get","firebasehosting.sites.update"]}
[debug] [2021-08-09T12:13:24.084Z] <<< HTTP RESPONSE 200 {"content-type":"application/json; charset=UTF-8","vary":"X-Origin, Referer, Origin,Accept-Encoding","date":"Mon, 09 Aug 2021 12:13:24 GMT","server":"ESF","cache-control":"private","x-xss-protection":"0","x-frame-options":"SAMEORIGIN","x-content-type-options":"nosniff","server-timing":"gfet4t7; dur=1085","alt-svc":"h3=\":443\"; ma=2592000,h3-29=\":443\"; ma=2592000,h3-T051=\":443\"; ma=2592000,h3-Q050=\":443\"; ma=2592000,h3-Q046=\":443\"; ma=2592000,h3-Q043=\":443\"; ma=2592000,quic=\":443\"; ma=2592000; v=\"46,43\"","accept-ranges":"none","transfer-encoding":"chunked"}
[debug] [2021-08-09T12:13:24.092Z] > refreshing access token with scopes: []
[debug] [2021-08-09T12:13:24.092Z] >>> HTTP REQUEST POST https://www.googleapis.com/oauth2/v3/token  
 <request body omitted>
[debug] [2021-08-09T12:18:33.813Z] ----------------------------------------------------------------------
[debug] [2021-08-09T12:18:33.818Z] Command:       C:\Program Files\nodejs\node.exe C:\Users\alabs\AppData\Roaming\npm\node_modules\firebase-tools\lib\bin\firebase.js deploy --only hosting
[debug] [2021-08-09T12:18:33.819Z] CLI Version:   9.16.0
[debug] [2021-08-09T12:18:33.819Z] Platform:      win32
[debug] [2021-08-09T12:18:33.819Z] Node Version:  v14.5.0
[debug] [2021-08-09T12:18:33.821Z] Time:          Mon Aug 09 2021 13:18:33 GMT+0100 (West Africa Standard Time)
[debug] [2021-08-09T12:18:33.821Z] ----------------------------------------------------------------------
[debug] 
[debug] [2021-08-09T12:18:33.994Z] > command requires scopes: ["email","openid","https://www.googleapis.com/auth/cloudplatformprojects.readonly","https://www.googleapis.com/auth/firebase","https://www.googleapis.com/auth/cloud-platform"]
[debug] [2021-08-09T12:18:33.995Z] > authorizing via signed-in user (alabson.inc@gmail.com)
[debug] [2021-08-09T12:18:33.995Z] [iam] checking project linkedin-clone-c0f10 for permissions ["firebase.projects.get","firebasehosting.sites.update"]
[debug] [2021-08-09T12:18:34.000Z] >>> HTTP REQUEST POST https://cloudresourcemanager.googleapis.com/v1/projects/linkedin-clone-c0f10:testIamPermissions  
 {"permissions":["firebase.projects.get","firebasehosting.sites.update"]}
